{"numFailedTestSuites":2,"numFailedTests":2,"numPassedTestSuites":5,"numPassedTests":23,"numPendingTestSuites":0,"numPendingTests":0,"numRuntimeErrorTestSuites":1,"numTodoTests":0,"numTotalTestSuites":7,"numTotalTests":25,"openHandles":[],"snapshot":{"added":0,"didUpdate":false,"failure":false,"filesAdded":0,"filesRemoved":0,"filesRemovedList":[],"filesUnmatched":0,"filesUpdated":0,"matched":0,"total":0,"unchecked":0,"uncheckedKeysByFile":[],"unmatched":0,"updated":0},"startTime":1789445607753,"success":false,"testResults":[{"assertionResults":[{"ancestorTitles":["Persistence"],"duration":104,"failureDetails":[{"matcherResult":{"actual":-1,"expected":0,"message":"\u001b[2mexpect(\u001b[22m\u001b[31mreceived\u001b[39m\u001b[2m).\u001b[22mtoBe\u001b[2m(\u001b[22m\u001b[32mexpected\u001b[39m\u001b[2m) // Object.is equality\u001b[22m\n\nExpected: \u001b[32m0\u001b[39m\nReceived: \u001b[31m-1\u001b[39m","name":"toBe","pass":false}},{"errno":-4082,"code":"EBUSY","syscall":"unlink","path":"C:\\Users\\imswa\\AppData\\Local\\Temp\\raft-p-3jDROn\\node.db"}],"failureMessages":["Error: \u001b[2mexpect(\u001b[22m\u001b[31mreceived\u001b[39m\u001b[2m).\u001b[22mtoBe\u001b[2m(\u001b[22m\u001b[32mexpected\u001b[39m\u001b[2m) // Object.is equality\u001b[22m\n\nExpected: \u001b[32m0\u001b[39m\nReceived: \u001b[31m-1\u001b[39m\n    at Object.toBe (C:\\Users\\imswa\\OneDrive\\Documents\\PROJECTS\\raft-canvas\\replicas\\tests\\unit\\Persistence.test.js:33:28)\n    at Promise.then.completed (C:\\Users\\imswa\\OneDrive\\Documents\\PROJECTS\\raft-canvas\\replicas\\node_modules\\jest-circus\\build\\utils.js:298:28)\n    at new Promise (<anonymous>)\n    at callAsyncCircusFn (C:\\Users\\imswa\\OneDrive\\Documents\\PROJECTS\\raft-canvas\\replicas\\node_modules\\jest-circus\\build\\utils.js:231:10)\n    at _callCircusTest (C:\\Users\\imswa\\OneDrive\\Documents\\PROJECTS\\raft-canvas\\replicas\\node_modules\\jest-circus\\build\\run.js:316:40)\n    at _runTest (C:\\Users\\imswa\\OneDrive\\Documents\\PROJECTS\\raft-canvas\\replicas\\node_modules\\jest-circus\\build\\run.js:252:3)\n    at _runTestsForDescribeBlock (C:\\Users\\imswa\\OneDrive\\Documents\\PROJECTS\\raft-canvas\\replicas\\node_modules\\jest-circus\\build\\run.js:126:9)\n    at _runTestsForDescribeBlock (C:\\Users\\imswa\\OneDrive\\Documents\\PROJECTS\\raft-canvas\\replicas\\node_modules\\jest-circus\\build\\run.js:121:9)\n    at run (C:\\Users\\imswa\\OneDrive\\Documents\\PROJECTS\\raft-canvas\\replicas\\node_modules\\jest-circus\\build\\run.js:71:3)\n    at runAndTransformResultsToJestFormat (C:\\Users\\imswa\\OneDrive\\Documents\\PROJECTS\\raft-canvas\\replicas\\node_modules\\jest-circus\\build\\legacy-code-todo-rewrite\\jestAdapterInit.js:122:21)\n    at jestAdapter (C:\\Users\\imswa\\OneDrive\\Documents\\PROJECTS\\raft-canvas\\replicas\\node_modules\\jest-circus\\build\\legacy-code-todo-rewrite\\jestAdapter.js:79:19)\n    at runTestInternal (C:\\Users\\imswa\\OneDrive\\Documents\\PROJECTS\\raft-canvas\\replicas\\node_modules\\jest-runner\\build\\runTest.js:367:16)\n    at runTest (C:\\Users\\imswa\\OneDrive\\Documents\\PROJECTS\\raft-canvas\\replicas\\node_modules\\jest-runner\\build\\runTest.js:444:34)","Error: EBUSY: resource busy or locked, unlink 'C:\\Users\\imswa\\AppData\\Local\\Temp\\raft-p-3jDROn\\node.db'\n    at unlinkSync (node:fs:1889:11)\n    at _unlinkSync (node:internal/fs/rimraf:216:14)\n    at rimrafSync (node:internal/fs/rimraf:197:7)\n    at node:internal/fs/rimraf:255:9\n    at Array.forEach (<anonymous>)\n    at _rmdirSync (node:internal/fs/rimraf:252:7)\n    at rimrafSync (node:internal/fs/rimraf:195:7)\n    at Object.rmSync (node:fs:1263:10)\n    at Object.rmSync (C:\\Users\\imswa\\OneDrive\\Documents\\PROJECTS\\raft-canvas\\replicas\\tests\\unit\\Persistence.test.js:19:23)\n    at Promise.then.completed (C:\\Users\\imswa\\OneDrive\\Documents\\PROJECTS\\raft-canvas\\replicas\\node_modules\\jest-circus\\build\\utils.js:298:28)\n    at new Promise (<anonymous>)\n    at callAsyncCircusFn (C:\\Users\\imswa\\OneDrive\\Documents\\PROJECTS\\raft-canvas\\replicas\\node_modules\\jest-circus\\build\\utils.js:231:10)\n    at _callCircusHook (C:\\Users\\imswa\\OneDrive\\Documents\\PROJECTS\\raft-canvas\\replicas\\node_modules\\jest-circus\\build\\run.js:281:40)\n    at _runTest (C:\\Users\\imswa\\OneDrive\\Documents\\PROJECTS\\raft-canvas\\replicas\\node_modules\\jest-circus\\build\\run.js:254:5)\n    at _runTestsForDescribeBlock (C:\\Users\\imswa\\OneDrive\\Documents\\PROJECTS\\raft-canvas\\replicas\\node_modules\\jest-circus\\build\\run.js:126:9)\n    at _runTestsForDescribeBlock (C:\\Users\\imswa\\OneDrive\\Documents\\PROJECTS\\raft-canvas\\replicas\\node_modules\\jest-circus\\build\\run.js:121:9)\n    at run (C:\\Users\\imswa\\OneDrive\\Documents\\PROJECTS\\raft-canvas\\replicas\\node_modules\\jest-circus\\build\\run.js:71:3)\n    at runAndTransformResultsToJestFormat (C:\\Users\\imswa\\OneDrive\\Documents\\PROJECTS\\raft-canvas\\replicas\\node_modules\\jest-circus\\build\\legacy-code-todo-rewrite\\jestAdapterInit.js:122:21)\n    at jestAdapter (C:\\Users\\imswa\\OneDrive\\Documents\\PROJECTS\\raft-canvas\\replicas\\node_modules\\jest-circus\\build\\legacy-code-todo-rewrite\\jestAdapter.js:79:19)\n    at runTestInternal (C:\\Users\\imswa\\OneDrive\\Documents\\PROJECTS\\raft-canvas\\replicas\\node_modules\\jest-runner\\build\\runTest.js:367:16)\n    at runTest (C:\\Users\\imswa\\OneDrive\\Documents\\PROJECTS\\raft-canvas\\replicas\\node_modules\\jest-runner\\build\\runTest.js:444:34)"],"fullName":"Persistence fresh store: empty log, term 0, no vote","invocations":1,"location":null,"numPassingAsserts":2,"retryReasons":[],"status":"failed","title":"fresh store: empty log, term 0, no vote"},{"ancestorTitles":["Persistence"],"duration":78,"failureDetails":[],"failureMessages":[],"fullName":"Persistence term and vote survive close+reopen (election safety)","invocations":1,"location":null,"numPassingAsserts":2,"retryReasons":[],"status":"passed","title":"term and vote survive close+reopen (election safety)"},{"ancestorTitles":["Persistence"],"duration":45,"failureDetails":[],"failureMessages":[],"fullName":"Persistence log entries persist across reopen","invocations":1,"location":null,"numPassingAsserts":2,"retryReasons":[],"status":"passed","title":"log entries persist across reopen"},{"ancestorTitles":["Persistence"],"duration":33,"failureDetails":[],"failureMessages":[],"fullName":"Persistence truncateFrom removes conflicting entries and everything after","invocations":1,"location":null,"numPassingAsserts":3,"retryReasons":[],"status":"passed","title":"truncateFrom removes conflicting entries and everything after"},{"ancestorTitles":["Persistence"],"duration":54,"failureDetails":[],"failureMessages":[],"fullName":"Persistence snapshot round-trips and updates firstIndex after compaction","invocations":1,"location":null,"numPassingAsserts":5,"retryReasons":[],"status":"passed","title":"snapshot round-trips and updates firstIndex after compaction"},{"ancestorTitles":["Persistence"],"duration":32,"failureDetails":[{"matcherResult":{"actual":-1,"expected":0,"message":"\u001b[2mexpect(\u001b[22m\u001b[31mreceived\u001b[39m\u001b[2m).\u001b[22mtoBe\u001b[2m(\u001b[22m\u001b[32mexpected\u001b[39m\u001b[2m) // Object.is equality\u001b[22m\n\nExpected: \u001b[32m0\u001b[39m\nReceived: \u001b[31m-1\u001b[39m","name":"toBe","pass":false}},{"errno":-4082,"code":"EBUSY","syscall":"unlink","path":"C:\\Users\\imswa\\AppData\\Local\\Temp\\raft-p-Gkx7WI\\node.db"}],"failureMessages":["Error: \u001b[2mexpect(\u001b[22m\u001b[31mreceived\u001b[39m\u001b[2m).\u001b[22mtoBe\u001b[2m(\u001b[22m\u001b[32mexpected\u001b[39m\u001b[2m) // Object.is equality\u001b[22m\n\nExpected: \u001b[32m0\u001b[39m\nReceived: \u001b[31m-1\u001b[39m\n    at Object.toBe (C:\\Users\\imswa\\OneDrive\\Documents\\PROJECTS\\raft-canvas\\replicas\\tests\\unit\\Persistence.test.js:104:27)\n    at Promise.then.completed (C:\\Users\\imswa\\OneDrive\\Documents\\PROJECTS\\raft-canvas\\replicas\\node_modules\\jest-circus\\build\\utils.js:298:28)\n    at new Promise (<anonymous>)\n    at callAsyncCircusFn (C:\\Users\\imswa\\OneDrive\\Documents\\PROJECTS\\raft-canvas\\replicas\\node_modules\\jest-circus\\build\\utils.js:231:10)\n    at _callCircusTest (C:\\Users\\imswa\\OneDrive\\Documents\\PROJECTS\\raft-canvas\\replicas\\node_modules\\jest-circus\\build\\run.js:316:40)\n    at _runTest (C:\\Users\\imswa\\OneDrive\\Documents\\PROJECTS\\raft-canvas\\replicas\\node_modules\\jest-circus\\build\\run.js:252:3)\n    at _runTestsForDescribeBlock (C:\\Users\\imswa\\OneDrive\\Documents\\PROJECTS\\raft-canvas\\replicas\\node_modules\\jest-circus\\build\\run.js:126:9)\n    at _runTestsForDescribeBlock (C:\\Users\\imswa\\OneDrive\\Documents\\PROJECTS\\raft-canvas\\replicas\\node_modules\\jest-circus\\build\\run.js:121:9)\n    at run (C:\\Users\\imswa\\OneDrive\\Documents\\PROJECTS\\raft-canvas\\replicas\\node_modules\\jest-circus\\build\\run.js:71:3)\n    at runAndTransformResultsToJestFormat (C:\\Users\\imswa\\OneDrive\\Documents\\PROJECTS\\raft-canvas\\replicas\\node_modules\\jest-circus\\build\\legacy-code-todo-rewrite\\jestAdapterInit.js:122:21)\n    at jestAdapter (C:\\Users\\imswa\\OneDrive\\Documents\\PROJECTS\\raft-canvas\\replicas\\node_modules\\jest-circus\\build\\legacy-code-todo-rewrite\\jestAdapter.js:79:19)\n    at runTestInternal (C:\\Users\\imswa\\OneDrive\\Documents\\PROJECTS\\raft-canvas\\replicas\\node_modules\\jest-runner\\build\\runTest.js:367:16)\n    at runTest (C:\\Users\\imswa\\OneDrive\\Documents\\PROJECTS\\raft-canvas\\replicas\\node_modules\\jest-runner\\build\\runTest.js:444:34)","Error: EBUSY: resource busy or locked, unlink 'C:\\Users\\imswa\\AppData\\Local\\Temp\\raft-p-Gkx7WI\\node.db'\n    at unlinkSync (node:fs:1889:11)\n    at _unlinkSync (node:internal/fs/rimraf:216:14)\n    at rimrafSync (node:internal/fs/rimraf:197:7)\n    at node:internal/fs/rimraf:255:9\n    at Array.forEach (<anonymous>)\n    at _rmdirSync (node:internal/fs/rimraf:252:7)\n    at rimrafSync (node:internal/fs/rimraf:195:7)\n    at Object.rmSync (node:fs:1263:10)\n    at Object.rmSync (C:\\Users\\imswa\\OneDrive\\Documents\\PROJECTS\\raft-canvas\\replicas\\tests\\unit\\Persistence.test.js:19:23)\n    at Promise.then.completed (C:\\Users\\imswa\\OneDrive\\Documents\\PROJECTS\\raft-canvas\\replicas\\node_modules\\jest-circus\\build\\utils.js:298:28)\n    at new Promise (<anonymous>)\n    at callAsyncCircusFn (C:\\Users\\imswa\\OneDrive\\Documents\\PROJECTS\\raft-canvas\\replicas\\node_modules\\jest-circus\\build\\utils.js:231:10)\n    at _callCircusHook (C:\\Users\\imswa\\OneDrive\\Documents\\PROJECTS\\raft-canvas\\replicas\\node_modules\\jest-circus\\build\\run.js:281:40)\n    at _runTest (C:\\Users\\imswa\\OneDrive\\Documents\\PROJECTS\\raft-canvas\\replicas\\node_modules\\jest-circus\\build\\run.js:254:5)\n    at _runTestsForDescribeBlock (C:\\Users\\imswa\\OneDrive\\Documents\\PROJECTS\\raft-canvas\\replicas\\node_modules\\jest-circus\\build\\run.js:126:9)\n    at _runTestsForDescribeBlock (C:\\Users\\imswa\\OneDrive\\Documents\\PROJECTS\\raft-canvas\\replicas\\node_modules\\jest-circus\\build\\run.js:121:9)\n    at run (C:\\Users\\imswa\\OneDrive\\Documents\\PROJECTS\\raft-canvas\\replicas\\node_modules\\jest-circus\\build\\run.js:71:3)\n    at runAndTransformResultsToJestFormat (C:\\Users\\imswa\\OneDrive\\Documents\\PROJECTS\\raft-canvas\\replicas\\node_modules\\jest-circus\\build\\legacy-code-todo-rewrite\\jestAdapterInit.js:122:21)\n    at jestAdapter (C:\\Users\\imswa\\OneDrive\\Documents\\PROJECTS\\raft-canvas\\replicas\\node_modules\\jest-circus\\build\\legacy-code-todo-rewrite\\jestAdapter.js:79:19)\n    at runTestInternal (C:\\Users\\imswa\\OneDrive\\Documents\\PROJECTS\\raft-canvas\\replicas\\node_modules\\jest-runner\\build\\runTest.js:367:16)\n    at runTest (C:\\Users\\imswa\\OneDrive\\Documents\\PROJECTS\\raft-canvas\\replicas\\node_modules\\jest-runner\\build\\runTest.js:444:34)"],"fullName":"Persistence truncateAll wipes log but keeps snapshot","invocations":1,"location":null,"numPassingAsserts":0,"retryReasons":[],"status":"failed","title":"truncateAll wipes log but keeps snapshot"}],"endTime":1789445608813,"message":"\u001b[1m\u001b[31m  \u001b[1m● \u001b[22m\u001b[1mPersistence › fresh store: empty log, term 0, no vote\u001b[39m\u001b[22m\n\n    \u001b[2mexpect(\u001b[22m\u001b[31mreceived\u001b[39m\u001b[2m).\u001b[22mtoBe\u001b[2m(\u001b[22m\u001b[32mexpected\u001b[39m\u001b[2m) // Object.is equality\u001b[22m\n\n    Expected: \u001b[32m0\u001b[39m\n    Received: \u001b[31m-1\u001b[39m\n\u001b[2m\u001b[22m\n\u001b[2m    \u001b[0m \u001b[90m 31 |\u001b[39m     })\u001b[33m;\u001b[39m\u001b[22m\n\u001b[2m     \u001b[90m 32 |\u001b[39m     expect(p\u001b[33m.\u001b[39mlastIndex())\u001b[33m.\u001b[39mtoBe(\u001b[33m-\u001b[39m\u001b[35m1\u001b[39m)\u001b[33m;\u001b[39m\u001b[22m\n\u001b[2m    \u001b[31m\u001b[1m>\u001b[22m\u001b[2m\u001b[39m\u001b[90m 33 |\u001b[39m     expect(p\u001b[33m.\u001b[39mfirstIndex())\u001b[33m.\u001b[39mtoBe(\u001b[35m0\u001b[39m)\u001b[33m;\u001b[39m\u001b[22m\n\u001b[2m     \u001b[90m    |\u001b[39m                            \u001b[31m\u001b[1m^\u001b[22m\u001b[2m\u001b[39m\u001b[22m\n\u001b[2m     \u001b[90m 34 |\u001b[39m     expect(p\u001b[33m.\u001b[39mcount())\u001b[33m.\u001b[39mtoBe(\u001b[35m0\u001b[39m)\u001b[33m;\u001b[39m\u001b[22m\n\u001b[2m     \u001b[90m 35 |\u001b[39m     p\u001b[33m.\u001b[39mclose()\u001b[33m;\u001b[39m\u001b[22m\n\u001b[2m     \u001b[90m 36 |\u001b[39m   })\u001b[33m;\u001b[39m\u001b[0m\u001b[22m\n\u001b[2m\u001b[22m\n\u001b[2m      \u001b[2mat Object.toBe (\u001b[22m\u001b[2m\u001b[0m\u001b[36mtests/unit/Persistence.test.js\u001b[39m\u001b[0m\u001b[2m:33:28)\u001b[22m\u001b[2m\u001b[22m\n\n\u001b[1m\u001b[31m  \u001b[1m● \u001b[22m\u001b[1mPersistence › fresh store: empty log, term 0, no vote\u001b[39m\u001b[22m\n\n    EBUSY: resource busy or locked, unlink 'C:\\Users\\imswa\\AppData\\Local\\Temp\\raft-p-3jDROn\\node.db'\n\u001b[2m\u001b[22m\n\u001b[2m    \u001b[0m \u001b[90m 17 |\u001b[39m \u001b[36mlet\u001b[39m dataDir\u001b[33m;\u001b[39m\u001b[22m\n\u001b[2m     \u001b[90m 18 |\u001b[39m beforeEach(() \u001b[33m=>\u001b[39m { dataDir \u001b[33m=\u001b[39m fs\u001b[33m.\u001b[39mmkdtempSync(path\u001b[33m.\u001b[39mjoin(os\u001b[33m.\u001b[39mtmpdir()\u001b[33m,\u001b[39m \u001b[32m\"raft-p-\"\u001b[39m))\u001b[33m;\u001b[39m })\u001b[33m;\u001b[39m\u001b[22m\n\u001b[2m    \u001b[31m\u001b[1m>\u001b[22m\u001b[2m\u001b[39m\u001b[90m 19 |\u001b[39m afterEach(()  \u001b[33m=>\u001b[39m { fs\u001b[33m.\u001b[39mrmSync(dataDir\u001b[33m,\u001b[39m { recursive\u001b[33m:\u001b[39m \u001b[36mtrue\u001b[39m\u001b[33m,\u001b[39m force\u001b[33m:\u001b[39m \u001b[36mtrue\u001b[39m })\u001b[33m;\u001b[39m })\u001b[33m;\u001b[39m\u001b[22m\n\u001b[2m     \u001b[90m    |\u001b[39m                       \u001b[31m\u001b[1m^\u001b[22m\u001b[2m\u001b[39m\u001b[22m\n\u001b[2m     \u001b[90m 20 |\u001b[39m\u001b[22m\n\u001b[2m     \u001b[90m 21 |\u001b[39m \u001b[36mfunction\u001b[39m open(id \u001b[33m=\u001b[39m \u001b[32m\"node\"\u001b[39m) {\u001b[22m\n\u001b[2m     \u001b[90m 22 |\u001b[39m   \u001b[36mreturn\u001b[39m \u001b[36mnew\u001b[39m \u001b[33mPersistence\u001b[39m({ dataDir\u001b[33m,\u001b[39m replicaId\u001b[33m:\u001b[39m id\u001b[33m,\u001b[39m logger\u001b[33m:\u001b[39m console })\u001b[33m;\u001b[39m\u001b[0m\u001b[22m\n\u001b[2m\u001b[22m\n\u001b[2m          at Array.forEach (<anonymous>)\u001b[22m\n\u001b[2m      \u001b[2mat Object.rmSync (\u001b[22m\u001b[2m\u001b[0m\u001b[36mtests/unit/Persistence.test.js\u001b[39m\u001b[0m\u001b[2m:19:23)\u001b[22m\u001b[2m\u001b[22m\n\n\u001b[1m\u001b[31m  \u001b[1m● \u001b[22m\u001b[1mPersistence › truncateAll wipes log but keeps snapshot\u001b[39m\u001b[22m\n\n    \u001b[2mexpect(\u001b[22m\u001b[31mreceived\u001b[39m\u001b[2m).\u001b[22mtoBe\u001b[2m(\u001b[22m\u001b[32mexpected\u001b[39m\u001b[2m) // Object.is equality\u001b[22m\n\n    Expected: \u001b[32m0\u001b[39m\n    Received: \u001b[31m-1\u001b[39m\n\u001b[2m\u001b[22m\n\u001b[2m    \u001b[0m \u001b[90m 102 |\u001b[39m     p\u001b[33m.\u001b[39msaveSnapshot(\u001b[35m0\u001b[39m\u001b[33m,\u001b[39m \u001b[35m1\u001b[39m\u001b[33m,\u001b[39m { strokes\u001b[33m:\u001b[39m []\u001b[33m,\u001b[39m dedupe\u001b[33m:\u001b[39m [] })\u001b[33m;\u001b[39m\u001b[22m\n\u001b[2m     \u001b[90m 103 |\u001b[39m     p\u001b[33m.\u001b[39mtruncateAll()\u001b[33m;\u001b[39m\u001b[22m\n\u001b[2m    \u001b[31m\u001b[1m>\u001b[22m\u001b[2m\u001b[39m\u001b[90m 104 |\u001b[39m     expect(p\u001b[33m.\u001b[39mlastIndex())\u001b[33m.\u001b[39mtoBe(\u001b[35m0\u001b[39m)\u001b[33m;\u001b[39m\u001b[22m\n\u001b[2m     \u001b[90m     |\u001b[39m                           \u001b[31m\u001b[1m^\u001b[22m\u001b[2m\u001b[39m\u001b[22m\n\u001b[2m     \u001b[90m 105 |\u001b[39m     expect(p\u001b[33m.\u001b[39mcount())\u001b[33m.\u001b[39mtoBe(\u001b[35m0\u001b[39m)\u001b[33m;\u001b[39m\u001b[22m\n\u001b[2m     \u001b[90m 106 |\u001b[39m     expect(p\u001b[33m.\u001b[39mloadLatestSnapshot()\u001b[33m.\u001b[39mlastIncludedIndex)\u001b[33m.\u001b[39mtoBe(\u001b[35m0\u001b[39m)\u001b[33m;\u001b[39m\u001b[22m\n\u001b[2m     \u001b[90m 107 |\u001b[39m     p\u001b[33m.\u001b[39mclose()\u001b[33m;\u001b[39m\u001b[0m\u001b[22m\n\u001b[2m\u001b[22m\n\u001b[2m      \u001b[2mat Object.toBe (\u001b[22m\u001b[2m\u001b[0m\u001b[36mtests/unit/Persistence.test.js\u001b[39m\u001b[0m\u001b[2m:104:27)\u001b[22m\u001b[2m\u001b[22m\n\n\u001b[1m\u001b[31m  \u001b[1m● \u001b[22m\u001b[1mPersistence › truncateAll wipes log but keeps snapshot\u001b[39m\u001b[22m\n\n    EBUSY: resource busy or locked, unlink 'C:\\Users\\imswa\\AppData\\Local\\Temp\\raft-p-Gkx7WI\\node.db'\n\u001b[2m\u001b[22m\n\u001b[2m    \u001b[0m \u001b[90m 17 |\u001b[39m \u001b[36mlet\u001b[39m dataDir\u001b[33m;\u001b[39m\u001b[22m\n\u001b[2m     \u001b[90m 18 |\u001b[39m beforeEach(() \u001b[33m=>\u001b[39m { dataDir \u001b[33m=\u001b[39m fs\u001b[33m.\u001b[39mmkdtempSync(path\u001b[33m.\u001b[39mjoin(os\u001b[33m.\u001b[39mtmpdir()\u001b[33m,\u001b[39m \u001b[32m\"raft-p-\"\u001b[39m))\u001b[33m;\u001b[39m })\u001b[33m;\u001b[39m\u001b[22m\n\u001b[2m    \u001b[31m\u001b[1m>\u001b[22m\u001b[2m\u001b[39m\u001b[90m 19 |\u001b[39m afterEach(()  \u001b[33m=>\u001b[39m { fs\u001b[33m.\u001b[39mrmSync(dataDir\u001b[33m,\u001b[39m { recursive\u001b[33m:\u001b[39m \u001b[36mtrue\u001b[39m\u001b[33m,\u001b[39m force\u001b[33m:\u001b[39m \u001b[36mtrue\u001b[39m })\u001b[33m;\u001b[39m })\u001b[33m;\u001b[39m\u001b[22m\n\u001b[2m     \u001b[90m    |\u001b[39m                       \u001b[31m\u001b[1m^\u001b[22m\u001b[2m\u001b[39m\u001b[22m\n\u001b[2m     \u001b[90m 20 |\u001b[39m\u001b[22m\n\u001b[2m     \u001b[90m 21 |\u001b[39m \u001b[36mfunction\u001b[39m open(id \u001b[33m=\u001b[39m \u001b[32m\"node\"\u001b[39m) {\u001b[22m\n\u001b[2m     \u001b[90m 22 |\u001b[39m   \u001b[36mreturn\u001b[39m \u001b[36mnew\u001b[39m \u001b[33mPersistence\u001b[39m({ dataDir\u001b[33m,\u001b[39m replicaId\u001b[33m:\u001b[39m id\u001b[33m,\u001b[39m logger\u001b[33m:\u001b[39m console })\u001b[33m;\u001b[39m\u001b[0m\u001b[22m\n\u001b[2m\u001b[22m\n\u001b[2m          at Array.forEach (<anonymous>)\u001b[22m\n\u001b[2m      \u001b[2mat Object.rmSync (\u001b[22m\u001b[2m\u001b[0m\u001b[36mtests/unit/Persistence.test.js\u001b[39m\u001b[0m\u001b[2m:19:23)\u001b[22m\u001b[2m\u001b[22m\n","name":"C:\\Users\\imswa\\OneDrive\\Documents\\PROJECTS\\raft-canvas\\replicas\\tests\\unit\\Persistence.test.js","startTime":1789445607854,"status":"failed","summary":""},{"assertionResults":[{"ancestorTitles":["Convergence under chaos"],"duration":6496,"failureDetails":[],"failureMessages":[],"fullName":"Convergence under chaos 5-node cluster + random chaos + concurrent writes → all nodes converge","invocations":1,"location":null,"numPassingAsserts":2,"retryReasons":[],"status":"passed","title":"5-node cluster + random chaos + concurrent writes → all nodes converge"}],"endTime":1789445615468,"message":"","name":"C:\\Users\\imswa\\OneDrive\\Documents\\PROJECTS\\raft-canvas\\replicas\\tests\\integration\\convergence.test.js","startTime":1789445608839,"status":"passed","summary":""},{"assertionResults":[{"ancestorTitles":["Failover & idempotency"],"duration":436,"failureDetails":[],"failureMessages":[],"fullName":"Failover & idempotency retried submit with same (clientId, seq) is deduped, not duplicated","invocations":1,"location":null,"numPassingAsserts":4,"retryReasons":[],"status":"passed","title":"retried submit with same (clientId, seq) is deduped, not duplicated"},{"ancestorTitles":["Failover & idempotency"],"duration":5696,"failureDetails":[],"failureMessages":[],"fullName":"Failover & idempotency kill leader mid-write: no duplicate strokes on any live node","invocations":1,"location":null,"numPassingAsserts":2,"retryReasons":[],"status":"passed","title":"kill leader mid-write: no duplicate strokes on any live node"}],"endTime":1789445621852,"message":"","name":"C:\\Users\\imswa\\OneDrive\\Documents\\PROJECTS\\raft-canvas\\replicas\\tests\\integration\\failover.test.js","startTime":1789445615603,"status":"passed","summary":""},{"assertionResults":[{"ancestorTitles":["Network partitions"],"duration":5509,"failureDetails":[],"failureMessages":[],"fullName":"Network partitions isolated minority (1 node) cannot commit; majority can","invocations":1,"location":null,"numPassingAsserts":4,"retryReasons":[],"status":"passed","title":"isolated minority (1 node) cannot commit; majority can"},{"ancestorTitles":["Network partitions"],"duration":463,"failureDetails":[],"failureMessages":[],"fullName":"Network partitions post-heal: stale leader steps down when it sees higher term","invocations":1,"location":null,"numPassingAsserts":2,"retryReasons":[],"status":"passed","title":"post-heal: stale leader steps down when it sees higher term"}],"endTime":1789445628003,"message":"","name":"C:\\Users\\imswa\\OneDrive\\Documents\\PROJECTS\\raft-canvas\\replicas\\tests\\integration\\partition.test.js","startTime":1789445621901,"status":"passed","summary":""},{"assertionResults":[{"ancestorTitles":["RaftNode invariants"],"duration":809,"failureDetails":[],"failureMessages":[],"fullName":"RaftNode invariants election safety: at most one leader per term","invocations":1,"location":null,"numPassingAsserts":15,"retryReasons":[],"status":"passed","title":"election safety: at most one leader per term"},{"ancestorTitles":["RaftNode invariants"],"duration":227,"failureDetails":[],"failureMessages":[],"fullName":"RaftNode invariants no-op-on-election commits immediately, unlocking §5.4.2 rule","invocations":1,"location":null,"numPassingAsserts":2,"retryReasons":[],"status":"passed","title":"no-op-on-election commits immediately, unlocking §5.4.2 rule"},{"ancestorTitles":["RaftNode invariants"],"duration":340,"failureDetails":[],"failureMessages":[],"fullName":"RaftNode invariants stroke submitted after election commits + applies on all nodes","invocations":1,"location":null,"numPassingAsserts":1,"retryReasons":[],"status":"passed","title":"stroke submitted after election commits + applies on all nodes"},{"ancestorTitles":["RaftNode invariants"],"duration":220,"failureDetails":[],"failureMessages":[],"fullName":"RaftNode invariants log matching: conflicting entries are rejected by the follower","invocations":1,"location":null,"numPassingAsserts":1,"retryReasons":[],"status":"passed","title":"log matching: conflicting entries are rejected by the follower"},{"ancestorTitles":["RaftNode invariants"],"duration":198,"failureDetails":[],"failureMessages":[],"fullName":"RaftNode invariants higher-term RPC forces step-down (term monotonicity)","invocations":1,"location":null,"numPassingAsserts":3,"retryReasons":[],"status":"passed","title":"higher-term RPC forces step-down (term monotonicity)"}],"endTime":1789445629964,"message":"","name":"C:\\Users\\imswa\\OneDrive\\Documents\\PROJECTS\\raft-canvas\\replicas\\tests\\unit\\RaftNode.test.js","startTime":1789445628048,"status":"passed","summary":""},{"assertionResults":[{"ancestorTitles":["StateMachine"],"duration":2,"failureDetails":[],"failureMessages":[],"fullName":"StateMachine applies strokes in order and tracks lastApplied","invocations":1,"location":null,"numPassingAsserts":2,"retryReasons":[],"status":"passed","title":"applies strokes in order and tracks lastApplied"},{"ancestorTitles":["StateMachine"],"duration":1,"failureDetails":[],"failureMessages":[],"fullName":"StateMachine apply is idempotent (safe replay)","invocations":1,"location":null,"numPassingAsserts":1,"retryReasons":[],"status":"passed","title":"apply is idempotent (safe replay)"},{"ancestorTitles":["StateMachine"],"duration":1,"failureDetails":[],"failureMessages":[],"fullName":"StateMachine dedupe: drops duplicate (clientId, seq) at apply time","invocations":1,"location":null,"numPassingAsserts":2,"retryReasons":[],"status":"passed","title":"dedupe: drops duplicate (clientId, seq) at apply time"},{"ancestorTitles":["StateMachine"],"duration":2,"failureDetails":[],"failureMessages":[],"fullName":"StateMachine dedupe: drops out-of-order lower seq (delayed retry)","invocations":1,"location":null,"numPassingAsserts":2,"retryReasons":[],"status":"passed","title":"dedupe: drops out-of-order lower seq (delayed retry)"},{"ancestorTitles":["StateMachine"],"duration":1,"failureDetails":[],"failureMessages":[],"fullName":"StateMachine dedupe: different clients don't interfere","invocations":1,"location":null,"numPassingAsserts":1,"retryReasons":[],"status":"passed","title":"dedupe: different clients don't interfere"},{"ancestorTitles":["StateMachine"],"duration":1,"failureDetails":[],"failureMessages":[],"fullName":"StateMachine getDedupeIndex returns cached commit index for retries","invocations":1,"location":null,"numPassingAsserts":4,"retryReasons":[],"status":"passed","title":"getDedupeIndex returns cached commit index for retries"},{"ancestorTitles":["StateMachine"],"duration":1,"failureDetails":[],"failureMessages":[],"fullName":"StateMachine dedupe LRU eviction is deterministic across replicas","invocations":1,"location":null,"numPassingAsserts":2,"retryReasons":[],"status":"passed","title":"dedupe LRU eviction is deterministic across replicas"},{"ancestorTitles":["StateMachine"],"duration":2,"failureDetails":[],"failureMessages":[],"fullName":"StateMachine snapshot round-trip preserves strokes AND dedupe","invocations":1,"location":null,"numPassingAsserts":4,"retryReasons":[],"status":"passed","title":"snapshot round-trip preserves strokes AND dedupe"},{"ancestorTitles":["StateMachine"],"duration":2,"failureDetails":[],"failureMessages":[],"fullName":"StateMachine NOOP entries advance lastApplied but not strokes","invocations":1,"location":null,"numPassingAsserts":2,"retryReasons":[],"status":"passed","title":"NOOP entries advance lastApplied but not strokes"}],"endTime":1789445630139,"message":"","name":"C:\\Users\\imswa\\OneDrive\\Documents\\PROJECTS\\raft-canvas\\replicas\\tests\\unit\\StateMachine.test.js","startTime":1789445630021,"status":"passed","summary":""},{"assertionResults":[],"coverage":{},"endTime":1789445630420,"message":"  \u001b[1m● \u001b[22mTest suite failed to run\n\n    Your test suite must contain at least one test.\n\n      \u001b[2mat onResult (\u001b[22mnode_modules/@jest/core/build/TestScheduler.js\u001b[2m:133:18)\u001b[22m\n      \u001b[2mat \u001b[22mnode_modules/@jest/core/build/TestScheduler.js\u001b[2m:254:19\u001b[22m\n      \u001b[2mat \u001b[22mnode_modules/emittery/index.js\u001b[2m:363:13\u001b[22m\n          at Array.map (<anonymous>)\n      \u001b[2mat Emittery.emit (\u001b[22mnode_modules/emittery/index.js\u001b[2m:361:23)\u001b[22m\n","name":"C:\\Users\\imswa\\OneDrive\\Documents\\PROJECTS\\raft-canvas\\replicas\\tests\\integration\\election.test.js","startTime":1789445630420,"status":"failed","summary":""}],"wasInterrupted":false}
